{
  "stats": {
    "suites": 2,
    "tests": 3,
    "passes": 3,
    "pending": 0,
    "failures": 0,
    "start": "2025-12-12T13:21:14.385Z",
    "end": "2025-12-12T13:22:22.393Z",
    "duration": 68008,
    "testsRegistered": 3,
    "passPercent": 100,
    "pendingPercent": 0,
    "other": 0,
    "hasOther": false,
    "skipped": 0,
    "hasSkipped": false
  },
  "results": [
    {
      "uuid": "99b8c403-1e12-4309-a5d3-430263e0da32",
      "title": "",
      "fullFile": "",
      "file": "",
      "beforeHooks": [],
      "afterHooks": [],
      "tests": [],
      "suites": [
        {
          "uuid": "0dfcba83-59a7-426b-80f3-0a08f3c8d7a5",
          "title": "Login",
          "fullFile": "C:\\Users\\Patriota 2\\Documents\\Mobile-automacao\\features\\basic.feature",
          "file": "\\features\\basic.feature",
          "beforeHooks": [
            {
              "title": "\"before all\" hook: codeceptjs.beforeSuite in \"Login\"",
              "fullTitle": "Login \"before all\" hook: codeceptjs.beforeSuite in \"Login\"",
              "timedOut": false,
              "duration": 1,
              "state": null,
              "speed": null,
              "pass": false,
              "fail": false,
              "pending": false,
              "context": null,
              "code": "suiteSetup(suite)",
              "err": {},
              "uuid": "d8a440a3-ffb7-4ad0-8bfe-396359245600",
              "parentUUID": "0dfcba83-59a7-426b-80f3-0a08f3c8d7a5",
              "isHook": true,
              "skipped": false
            },
            {
              "title": "\"before each\" hook: codeceptjs.before in \"Login\"",
              "fullTitle": "Login \"before each\" hook: codeceptjs.before in \"Login\"",
              "timedOut": false,
              "duration": 19806,
              "state": null,
              "speed": null,
              "pass": false,
              "fail": false,
              "pending": false,
              "context": null,
              "code": "setup(suite)",
              "err": {},
              "uuid": "eba6af40-f1b4-4dcc-aefe-38240a89a321",
              "parentUUID": "0dfcba83-59a7-426b-80f3-0a08f3c8d7a5",
              "isHook": true,
              "skipped": false
            }
          ],
          "afterHooks": [
            {
              "title": "\"after all\" hook: codeceptjs.afterSuite in \"Login\"",
              "fullTitle": "Login \"after all\" hook: codeceptjs.afterSuite in \"Login\"",
              "timedOut": false,
              "duration": 1,
              "state": null,
              "speed": null,
              "pass": false,
              "fail": false,
              "pending": false,
              "context": null,
              "code": "suiteTeardown(suite)",
              "err": {},
              "uuid": "f7565f16-d5a6-4eed-ab80-99ed200279b7",
              "parentUUID": "0dfcba83-59a7-426b-80f3-0a08f3c8d7a5",
              "isHook": true,
              "skipped": false
            },
            {
              "title": "\"after each\" hook: codeceptjs.after in \"Login\"",
              "fullTitle": "Login \"after each\" hook: codeceptjs.after in \"Login\"",
              "timedOut": false,
              "duration": 1299,
              "state": null,
              "speed": null,
              "pass": false,
              "fail": false,
              "pending": false,
              "context": null,
              "code": "teardown(suite)",
              "err": {},
              "uuid": "4cc86bdf-4264-4d11-8245-d0f3265800a4",
              "parentUUID": "0dfcba83-59a7-426b-80f3-0a08f3c8d7a5",
              "isHook": true,
              "skipped": false
            }
          ],
          "tests": [
            {
              "title": "Login with success",
              "fullTitle": "Login: Login with success",
              "timedOut": false,
              "duration": 10945,
              "state": "passed",
              "speed": "slow",
              "pass": true,
              "fail": false,
              "pending": false,
              "context": null,
              "code": "runSteps(child.scenario.steps)",
              "err": {},
              "uuid": "0afed9f4-a166-4b82-9908-1564426a1604",
              "parentUUID": "0dfcba83-59a7-426b-80f3-0a08f3c8d7a5",
              "isHook": false,
              "skipped": false
            }
          ],
          "suites": [],
          "passes": [
            "0afed9f4-a166-4b82-9908-1564426a1604"
          ],
          "failures": [],
          "pending": [],
          "skipped": [],
          "duration": 10945,
          "root": false,
          "rootEmpty": false,
          "_timeout": 0
        },
        {
          "uuid": "d13f23a1-d5ba-4e2b-aeed-bfdb0cb5d73e",
          "title": "login",
          "fullFile": "C:\\Users\\Patriota 2\\Documents\\Mobile-automacao\\steps\\login_test.js",
          "file": "\\steps\\login_test.js",
          "beforeHooks": [
            {
              "title": "\"before all\" hook: codeceptjs.beforeSuite in \"login\"",
              "fullTitle": "login \"before all\" hook: codeceptjs.beforeSuite in \"login\"",
              "timedOut": false,
              "duration": 0,
              "state": null,
              "speed": null,
              "pass": false,
              "fail": false,
              "pending": false,
              "context": null,
              "code": "suiteSetup(suite)",
              "err": {},
              "uuid": "e1a12547-7779-4814-81c9-a824182ab963",
              "parentUUID": "d13f23a1-d5ba-4e2b-aeed-bfdb0cb5d73e",
              "isHook": true,
              "skipped": false
            },
            {
              "title": "\"before all\" hook: BeforeSuite in \"login\"",
              "fullTitle": "login \"before all\" hook: BeforeSuite in \"login\"",
              "timedOut": false,
              "duration": 6,
              "state": null,
              "speed": null,
              "pass": false,
              "fail": false,
              "pending": false,
              "context": null,
              "code": "console.log(\"Teste Antes suite...\");",
              "err": {},
              "uuid": "fd9040d2-37d7-41ea-8d65-7070c2e5b0d3",
              "parentUUID": "d13f23a1-d5ba-4e2b-aeed-bfdb0cb5d73e",
              "isHook": true,
              "skipped": false
            },
            {
              "title": "\"before each\" hook: codeceptjs.before in \"login\"",
              "fullTitle": "login \"before each\" hook: codeceptjs.before in \"login\"",
              "timedOut": false,
              "duration": 8465,
              "state": null,
              "speed": null,
              "pass": false,
              "fail": false,
              "pending": false,
              "context": null,
              "code": "setup(suite)",
              "err": {},
              "uuid": "e6cdf4e7-c9ac-4bba-a2b1-f15f9433702a",
              "parentUUID": "d13f23a1-d5ba-4e2b-aeed-bfdb0cb5d73e",
              "isHook": true,
              "skipped": false
            },
            {
              "title": "\"before each\" hook: Before in \"login\"",
              "fullTitle": "login \"before each\" hook: Before in \"login\"",
              "timedOut": false,
              "duration": 1,
              "state": null,
              "speed": null,
              "pass": false,
              "fail": false,
              "pending": false,
              "context": null,
              "code": "console.log(\"Antes de rodar os testes...\");",
              "err": {},
              "uuid": "33b9e59b-ef6a-462f-8edc-c312d65a8ed5",
              "parentUUID": "d13f23a1-d5ba-4e2b-aeed-bfdb0cb5d73e",
              "isHook": true,
              "skipped": false
            }
          ],
          "afterHooks": [
            {
              "title": "\"after all\" hook: AfterSuite in \"login\"",
              "fullTitle": "login \"after all\" hook: AfterSuite in \"login\"",
              "timedOut": false,
              "duration": 3,
              "state": null,
              "speed": null,
              "pass": false,
              "fail": false,
              "pending": false,
              "context": null,
              "code": "console.log(\"Teste Após suite...\");",
              "err": {},
              "uuid": "4beffbb3-7b54-40b7-980a-c7767a0f6489",
              "parentUUID": "d13f23a1-d5ba-4e2b-aeed-bfdb0cb5d73e",
              "isHook": true,
              "skipped": false
            },
            {
              "title": "\"after all\" hook: codeceptjs.afterSuite in \"login\"",
              "fullTitle": "login \"after all\" hook: codeceptjs.afterSuite in \"login\"",
              "timedOut": false,
              "duration": 1,
              "state": null,
              "speed": null,
              "pass": false,
              "fail": false,
              "pending": false,
              "context": null,
              "code": "suiteTeardown(suite)",
              "err": {},
              "uuid": "63c83d7a-c08b-4525-9544-6d0c06a5162f",
              "parentUUID": "d13f23a1-d5ba-4e2b-aeed-bfdb0cb5d73e",
              "isHook": true,
              "skipped": false
            },
            {
              "title": "\"after each\" hook: After in \"login\"",
              "fullTitle": "login \"after each\" hook: After in \"login\"",
              "timedOut": false,
              "duration": 2,
              "state": null,
              "speed": null,
              "pass": false,
              "fail": false,
              "pending": false,
              "context": null,
              "code": "console.log(\"Depois de rodar os testes...\");",
              "err": {},
              "uuid": "351fb460-e19b-4afb-8e67-1bbf9d479311",
              "parentUUID": "d13f23a1-d5ba-4e2b-aeed-bfdb0cb5d73e",
              "isHook": true,
              "skipped": false
            },
            {
              "title": "\"after each\" hook: finalize codeceptjs in \"login\"",
              "fullTitle": "login \"after each\" hook: finalize codeceptjs in \"login\"",
              "timedOut": false,
              "duration": 997,
              "state": null,
              "speed": null,
              "pass": false,
              "fail": false,
              "pending": false,
              "context": null,
              "code": "teardown(suite)",
              "err": {},
              "uuid": "46176cd5-4a16-49c2-9fa7-a4b095e1945e",
              "parentUUID": "d13f23a1-d5ba-4e2b-aeed-bfdb0cb5d73e",
              "isHook": true,
              "skipped": false
            }
          ],
          "tests": [
            {
              "title": "Login with success",
              "fullTitle": "login: Login with success",
              "timedOut": false,
              "duration": 9550,
              "state": "passed",
              "speed": "slow",
              "pass": true,
              "fail": false,
              "pending": false,
              "context": null,
              "code": "home_page }) => {\n  login_page.doLogin(\"teste@teste.com\", \"123456\");\n  // validar\n  home_page.checkLoginSuccess();\n  // I.waitForElement(\"#search-field\", 10);\n  // I.seeElement(\"#search-field\");\n  // I.waitForElement(\"#email\", 10);\n  // // preencher campo email\n  // // Acessibility id coloca ~email\n  // // ID coloca #\n  // // Para acessar o name não precisa passar nada, somente o nome\n  // I.fillField(\"#email\", \"teste@teste.com\");\n  // // preencher campo senha\n  // I.fillField(\"#password\", \"123456\");\n  // // clicar em Entrar\n  // I.tap(\"#login-button\");",
              "err": {},
              "uuid": "76d31943-f7d1-45aa-b71b-15b30136757c",
              "parentUUID": "d13f23a1-d5ba-4e2b-aeed-bfdb0cb5d73e",
              "isHook": false,
              "skipped": false
            },
            {
              "title": "Login with error",
              "fullTitle": "login: Login with error",
              "timedOut": false,
              "duration": 8934,
              "state": "passed",
              "speed": "slow",
              "pass": true,
              "fail": false,
              "pending": false,
              "context": null,
              "code": "login_page.doLogin(\"xteste@teste.com\", \"123456\");\n// validar\nlogin_page.checkLoginError();\n// I.waitForElement(\n//   '//*[@text=\"Erro ao realizar login\" or @label=\"Erro ao realizar login\"]',\n//   10\n// );\n// I.seeElement(\n//   '//*[@text=\"Erro ao realizar login\" or @label=\"Erro ao realizar login\"]'\n// );\n// I.waitForElement(\"#email\", 10);\n// // preencher campo email\n// // Acessibility id coloca ~email\n// // ID coloca #\n// // Para acessar o name não precisa passar nada, somente o nome\n// I.fillField(\"#email\", \"xteste@teste.com\");\n// // preencher campo senha\n// I.fillField(\"#password\", \"123456\");\n// // clicar em Entrar\n// I.tap(\"#login-button\");",
              "err": {},
              "uuid": "e7ded3a0-3e99-4974-b44f-bb18c1e203c8",
              "parentUUID": "d13f23a1-d5ba-4e2b-aeed-bfdb0cb5d73e",
              "isHook": false,
              "skipped": false
            }
          ],
          "suites": [],
          "passes": [
            "76d31943-f7d1-45aa-b71b-15b30136757c",
            "e7ded3a0-3e99-4974-b44f-bb18c1e203c8"
          ],
          "failures": [],
          "pending": [],
          "skipped": [],
          "duration": 18484,
          "root": false,
          "rootEmpty": false,
          "_timeout": 0
        }
      ],
      "passes": [],
      "failures": [],
      "pending": [],
      "skipped": [],
      "duration": 0,
      "root": true,
      "rootEmpty": true,
      "_timeout": 0
    }
  ],
  "meta": {
    "mocha": {
      "version": "11.7.5"
    },
    "mochawesome": {
      "options": {
        "quiet": false,
        "reportFilename": "mochawesome",
        "saveHtml": true,
        "saveJson": true,
        "consoleReporter": "spec",
        "useInlineDiffs": false,
        "code": true
      },
      "version": "7.1.4"
    },
    "marge": {
      "options": {},
      "version": "6.3.2"
    }
  }
}